[0m09:47:35.211581 [debug] [MainThread]: Sending event: {'category': 'dbt', 'action': 'invocation', 'label': 'start', 'context': [<snowplow_tracker.self_describing_json.SelfDescribingJson object at 0x000001DA58F1F500>, <snowplow_tracker.self_describing_json.SelfDescribingJson object at 0x000001DA5C1D6150>, <snowplow_tracker.self_describing_json.SelfDescribingJson object at 0x000001DA5C1D4B60>]}


============================== 09:47:35.213112 | 0b3a313f-9971-4171-927c-9bf489604c97 ==============================
[0m09:47:35.213112 [info ] [MainThread]: Running with dbt=1.9.3
[0m09:47:35.213112 [debug] [MainThread]: running dbt with arguments {'printer_width': '80', 'indirect_selection': 'eager', 'log_cache_events': 'False', 'write_json': 'True', 'partial_parse': 'True', 'cache_selected_only': 'False', 'warn_error': 'None', 'fail_fast': 'False', 'version_check': 'True', 'log_path': 'logs', 'profiles_dir': 'C:\\Users\\NithishYE\\.dbt', 'debug': 'False', 'use_colors': 'True', 'use_experimental_parser': 'False', 'empty': 'None', 'quiet': 'False', 'no_print': 'None', 'log_format': 'default', 'invocation_command': 'dbt init', 'static_parser': 'True', 'introspect': 'True', 'target_path': 'None', 'warn_error_options': 'WarnErrorOptions(include=[], exclude=[])', 'send_anonymous_usage_stats': 'True'}
[0m09:47:53.113379 [debug] [MainThread]: Starter project path: C:\DE_ASSESS\env\Lib\site-packages\dbt\include\starter_project
[0m09:47:53.149524 [info ] [MainThread]: 
Your new dbt project "DE_MINIPROJECT" was created!

For more information on how to configure the profiles.yml file,
please consult the dbt documentation here:

  https://docs.getdbt.com/docs/configure-your-profile

One more thing:

Need help? Don't hesitate to reach out to us via GitHub issues or on Slack:

  https://community.getdbt.com/

Happy modeling!

[0m09:47:53.149524 [info ] [MainThread]: Setting up your profile.
[0m09:49:20.509729 [info ] [MainThread]: Profile DE_MINIPROJECT written to C:\Users\NithishYE\.dbt\profiles.yml using target's profile_template.yml and your supplied values. Run 'dbt debug' to validate the connection.
[0m09:49:20.526783 [debug] [MainThread]: Command `dbt init` succeeded at 09:49:20.526783 after 105.56 seconds
[0m09:49:20.526783 [debug] [MainThread]: Sending event: {'category': 'dbt', 'action': 'invocation', 'label': 'end', 'context': [<snowplow_tracker.self_describing_json.SelfDescribingJson object at 0x000001DA5C36B8F0>, <snowplow_tracker.self_describing_json.SelfDescribingJson object at 0x000001DA5C628BC0>, <snowplow_tracker.self_describing_json.SelfDescribingJson object at 0x000001DA5BB4D280>]}
[0m09:49:20.527794 [debug] [MainThread]: Flushing usage events
[0m09:49:21.623397 [debug] [MainThread]: An error was encountered while trying to flush usage events
